<?xml version="1.0" encoding="UTF-8"?>
<testsuite xmlns:xsi="http://www.w3.org/2001/XMLSchema-instance" xsi:noNamespaceSchemaLocation="https://maven.apache.org/surefire/maven-surefire-plugin/xsd/surefire-test-report.xsd" name="agents.RoomReachabilityTest" time="20.887" tests="1" errors="0" skipped="0" failures="0">
  <properties>
    <property name="java.specification.version" value="13"/>
    <property name="sun.cpu.isalist" value="amd64"/>
    <property name="sun.jnu.encoding" value="Cp1252"/>
    <property name="java.class.path" value="C:\Samira\Ph.D\OnlineSearch\target\test-classes;C:\Samira\Ph.D\OnlineSearch\target\classes;C:\Users\Shirz002\.m2\repository\org\junit\jupiter\junit-jupiter-api\5.6.0\junit-jupiter-api-5.6.0.jar;C:\Users\Shirz002\.m2\repository\org\apiguardian\apiguardian-api\1.1.0\apiguardian-api-1.1.0.jar;C:\Users\Shirz002\.m2\repository\org\opentest4j\opentest4j\1.2.0\opentest4j-1.2.0.jar;C:\Users\Shirz002\.m2\repository\org\junit\platform\junit-platform-commons\1.6.0\junit-platform-commons-1.6.0.jar;C:\Users\Shirz002\.m2\repository\org\junit\jupiter\junit-jupiter-engine\5.6.0\junit-jupiter-engine-5.6.0.jar;C:\Users\Shirz002\.m2\repository\org\junit\platform\junit-platform-engine\1.6.0\junit-platform-engine-1.6.0.jar;C:\Users\Shirz002\.m2\repository\commons-io\commons-io\1.3.2\commons-io-1.3.2.jar;C:\Users\Shirz002\.m2\repository\com\github\iv4xr-project\aplib\1.2.4\aplib-1.2.4.jar;C:\Users\Shirz002\.m2\repository\it\unibo\alice\tuprolog\tuprolog\3.3.0\tuprolog-3.3.0.jar;C:\Users\Shirz002\.m2\repository\org\apache\commons\commons-lang3\3.0\commons-lang3-3.0.jar;C:\Users\Shirz002\.m2\repository\com\google\code\gson\gson\2.8.5\gson-2.8.5.jar;C:\Users\Shirz002\.m2\repository\com\github\iv4xr-project\iv4xrDemo\2.2.4\iv4xrDemo-2.2.4.jar;"/>
    <property name="java.vm.vendor" value="Oracle Corporation"/>
    <property name="sun.arch.data.model" value="64"/>
    <property name="user.variant" value=""/>
    <property name="java.vendor.url" value="https://java.oracle.com/"/>
    <property name="user.timezone" value="Europe/Amsterdam"/>
    <property name="os.name" value="Windows 10"/>
    <property name="java.vm.specification.version" value="13"/>
    <property name="sun.java.launcher" value="SUN_STANDARD"/>
    <property name="user.country" value="US"/>
    <property name="sun.boot.library.path" value="C:\Program Files\Java\jdk-13.0.2\bin"/>
    <property name="sun.java.command" value="C:\Users\Shirz002\AppData\Local\Temp\surefire7245995998073167479\surefirebooter15619578970940415398.jar C:\Users\Shirz002\AppData\Local\Temp\surefire7245995998073167479 2021-08-25T10-38-37_490-jvmRun1 surefire169411755499347406tmp surefire_0181292117984473142tmp"/>
    <property name="jdk.debug" value="release"/>
    <property name="surefire.test.class.path" value="C:\Samira\Ph.D\OnlineSearch\target\test-classes;C:\Samira\Ph.D\OnlineSearch\target\classes;C:\Users\Shirz002\.m2\repository\org\junit\jupiter\junit-jupiter-api\5.6.0\junit-jupiter-api-5.6.0.jar;C:\Users\Shirz002\.m2\repository\org\apiguardian\apiguardian-api\1.1.0\apiguardian-api-1.1.0.jar;C:\Users\Shirz002\.m2\repository\org\opentest4j\opentest4j\1.2.0\opentest4j-1.2.0.jar;C:\Users\Shirz002\.m2\repository\org\junit\platform\junit-platform-commons\1.6.0\junit-platform-commons-1.6.0.jar;C:\Users\Shirz002\.m2\repository\org\junit\jupiter\junit-jupiter-engine\5.6.0\junit-jupiter-engine-5.6.0.jar;C:\Users\Shirz002\.m2\repository\org\junit\platform\junit-platform-engine\1.6.0\junit-platform-engine-1.6.0.jar;C:\Users\Shirz002\.m2\repository\commons-io\commons-io\1.3.2\commons-io-1.3.2.jar;C:\Users\Shirz002\.m2\repository\com\github\iv4xr-project\aplib\1.2.4\aplib-1.2.4.jar;C:\Users\Shirz002\.m2\repository\it\unibo\alice\tuprolog\tuprolog\3.3.0\tuprolog-3.3.0.jar;C:\Users\Shirz002\.m2\repository\org\apache\commons\commons-lang3\3.0\commons-lang3-3.0.jar;C:\Users\Shirz002\.m2\repository\com\google\code\gson\gson\2.8.5\gson-2.8.5.jar;C:\Users\Shirz002\.m2\repository\com\github\iv4xr-project\iv4xrDemo\2.2.4\iv4xrDemo-2.2.4.jar;"/>
    <property name="sun.cpu.endian" value="little"/>
    <property name="user.home" value="C:\Users\Shirz002"/>
    <property name="user.language" value="en"/>
    <property name="java.specification.vendor" value="Oracle Corporation"/>
    <property name="java.version.date" value="2020-01-14"/>
    <property name="java.home" value="C:\Program Files\Java\jdk-13.0.2"/>
    <property name="file.separator" value="\"/>
    <property name="basedir" value="C:\Samira\Ph.D\OnlineSearch"/>
    <property name="java.vm.compressedOopsMode" value="Zero based"/>
    <property name="line.separator" value="&#10;"/>
    <property name="java.vm.specification.vendor" value="Oracle Corporation"/>
    <property name="java.specification.name" value="Java Platform API Specification"/>
    <property name="surefire.real.class.path" value="C:\Users\Shirz002\AppData\Local\Temp\surefire7245995998073167479\surefirebooter15619578970940415398.jar"/>
    <property name="user.script" value=""/>
    <property name="sun.management.compiler" value="HotSpot 64-Bit Tiered Compilers"/>
    <property name="java.runtime.version" value="13.0.2+8"/>
    <property name="user.name" value="Shirz002"/>
    <property name="path.separator" value=";"/>
    <property name="os.version" value="10.0"/>
    <property name="java.runtime.name" value="Java(TM) SE Runtime Environment"/>
    <property name="file.encoding" value="Cp1252"/>
    <property name="java.vm.name" value="Java HotSpot(TM) 64-Bit Server VM"/>
    <property name="localRepository" value="C:\Users\Shirz002\.m2\repository"/>
    <property name="java.vendor.url.bug" value="https://bugreport.java.com/bugreport/"/>
    <property name="java.io.tmpdir" value="C:\Users\Shirz002\AppData\Local\Temp\"/>
    <property name="java.version" value="13.0.2"/>
    <property name="user.dir" value="C:\Samira\Ph.D\OnlineSearch"/>
    <property name="os.arch" value="amd64"/>
    <property name="java.vm.specification.name" value="Java Virtual Machine Specification"/>
    <property name="sun.os.patch.level" value=""/>
    <property name="java.library.path" value="C:\Program Files\Java\jdk-13.0.2\bin;C:\WINDOWS\Sun\Java\bin;C:\WINDOWS\system32;C:\WINDOWS;C:/Program Files/Java/jdk-13.0.2/bin/server;C:/Program Files/Java/jdk-13.0.2/bin;C:\Program Files\Haskell\bin;C:\Program Files\Haskell Platform\8.6.5\lib\extralibs\bin;C:\Program Files\Haskell Platform\8.6.5\bin;C:\Program Files (x86)\Common Files\Oracle\Java\javapath;C:\WINDOWS\system32;C:\WINDOWS;C:\WINDOWS\System32\Wbem;C:\WINDOWS\System32\WindowsPowerShell\v1.0\;C:\WINDOWS\System32\OpenSSH\;C:\Program Files\Haskell Platform\8.6.5\mingw\bin;C:\Program Files\Git\cmd;C:\Program Files\dotnet\;C:\Program Files\Microsoft SQL Server\130\Tools\Binn\;C:\Program Files\Microsoft SQL Server\Client SDK\ODBC\170\Tools\Binn\;C:\Program Files\Java\jre1.8.0_251\bin;C:\Users\Shirz002\AppData\Roaming\cabal\bin;C:\Users\Shirz002\AppData\Roaming\local\bin;C:\Users\Shirz002\AppData\Local\Microsoft\WindowsApps;C:\Users\Shirz002\AppData\Local\Programs\Python\Python38;C:\Users\Shirz002\AppData\Local\Programs\Python\Python38\Scripts;C:\Users\Shirz002\AppData\Local\Microsoft\VisualStudio\16.0_95faf5f3;C:\Users\Shirz002\AppData\Local\Programs\Python\Python38\Lib\site-packages\graphviz;c:\users\shirz002\appdata\local\programs\python\python38\lib\site-packages\graphviz-0.13.2.dist-info;C:\ProgramData\Anaconda3\Library\bin\graphviz;D:\apache-maven-3.6.3\bin;C:\Program Files\JetBrains\IntelliJ IDEA 2019.3.3\bin;C:\Program Files (x86)\apache-maven-3.6.3\bin;C:\Users\Shirz002\.dotnet\tools;C:\Program Files\JetBrains\JetBrains Rider 2020.1.0\bin;;C:\Program Files\Java\jdk-13.0.2\bin;C:\Users\Shirz002\.dotnet\tools;C:\Users\Shirz002\AppData\Local\Microsoft\WindowsApps;;C:\WINDOWS\system32;;."/>
    <property name="java.vm.info" value="mixed mode, sharing"/>
    <property name="java.vendor" value="Oracle Corporation"/>
    <property name="java.vm.version" value="13.0.2+8"/>
    <property name="sun.io.unicode.encoding" value="UnicodeLittle"/>
    <property name="java.class.version" value="57.0"/>
  </properties>
  <testcase name="closetReachableTest" classname="agents.RoomReachabilityTest" time="16.478"/>
</testsuite>